[debug] [2022-11-01T03:21:40.541Z] ----------------------------------------------------------------------
[debug] [2022-11-01T03:21:40.545Z] Command:       C:\Program Files\nodejs\node.exe C:\Users\USER\AppData\Roaming\npm\node_modules\firebase-tools\lib\bin\firebase.js init
[debug] [2022-11-01T03:21:40.547Z] CLI Version:   11.15.0
[debug] [2022-11-01T03:21:40.548Z] Platform:      win32
[debug] [2022-11-01T03:21:40.548Z] Node Version:  v18.12.0
[debug] [2022-11-01T03:21:40.550Z] Time:          Tue Nov 01 2022 10:21:40 GMT+0700 (Western Indonesia Time)
[debug] [2022-11-01T03:21:40.550Z] ----------------------------------------------------------------------
[debug] 
[debug] [2022-11-01T03:21:40.687Z] > command requires scopes: ["email","openid","https://www.googleapis.com/auth/cloudplatformprojects.readonly","https://www.googleapis.com/auth/firebase","https://www.googleapis.com/auth/cloud-platform"]
[debug] [2022-11-01T03:21:40.688Z] > authorizing via signed-in user (muhammadmuqtada@gmail.com)
[info] 
     ######## #### ########  ######## ########     ###     ######  ########
     ##        ##  ##     ## ##       ##     ##  ##   ##  ##       ##
     ######    ##  ########  ######   ########  #########  ######  ######
     ##        ##  ##    ##  ##       ##     ## ##     ##       ## ##
     ##       #### ##     ## ######## ########  ##     ##  ######  ########

You're about to initialize a Firebase project in this directory:

  C:\Users\USER\OneDrive\Documents\Web Ada

Before we get started, keep in mind:

  * You are initializing within an existing Firebase project directory

